<?xml version="1.0" encoding="UTF-8"?>
<!-- Generated by org.testng.reporters.JUnitReportReporter -->
<testsuite hostname="LAPTOP-AA5L38FS" name="com.telecom.tests.AddCustomerTest" tests="1" failures="0" timestamp="20 Apr 2020 10:15:38 GMT" time="67.805" errors="0">
  <testcase name="addCustomer" time="67.805" classname="com.telecom.tests.AddCustomerTest"/>
</testsuite> <!-- com.telecom.tests.AddCustomerTest -->
