<?xml version="1.0" encoding="UTF-8"?>
<!-- Generated by org.testng.reporters.JUnitReportReporter -->
<testsuite hostname="LAPTOP-AA5L38FS" name="com.telecom.tests.AddCustomerTest" tests="1" failures="0" timestamp="23 Apr 2020 11:45:52 GMT" time="164.196" errors="0">
  <testcase name="addCustomer" time="164.196" classname="com.telecom.tests.AddCustomerTest"/>
</testsuite> <!-- com.telecom.tests.AddCustomerTest -->
